14:56:00,968  INFO CRSApplication,main:42 - -------Welcome to CRS Login-------
14:56:00,971  INFO CRSApplication,main:43 - Enter Username:
14:56:06,415  INFO CRSApplication,main:45 - Enter Password:
14:56:08,829  INFO CRSApplication,main:51 - Login Successful
14:56:08,833  INFO StudentMenu,main:40 - 
1. Course Registration
14:56:08,833  INFO StudentMenu,main:41 - 2. Add course
14:56:08,834  INFO StudentMenu,main:42 - 3. Drop course
14:56:08,834  INFO StudentMenu,main:43 - 4. View courses
14:56:08,835  INFO StudentMenu,main:44 - 5. View Registered Courses
14:56:08,835  INFO StudentMenu,main:45 - 6. View grade card
14:56:08,836  INFO StudentMenu,main:46 - 7. Logout
14:56:12,098  INFO RegistrationOperation,main:64 - CourseCode  CourseName Instructor Seats

14:56:12,099  INFO RegistrationOperation,main:68 - 1, A, I1, 10
14:56:12,100  INFO RegistrationOperation,main:68 - 2, B, I2, 10
14:56:12,100  INFO RegistrationOperation,main:68 - 3, C, I3, 10
14:56:12,100  INFO RegistrationOperation,main:68 - 4, D, I4, 10
14:56:12,101  INFO RegistrationOperation,main:68 - 5, E, I5, 10
14:56:12,101  INFO RegistrationOperation,main:68 - 6, F, I6, 10
14:56:12,102  INFO RegistrationOperation,main:68 - 7, G, I7, 10
14:56:12,102  INFO RegistrationOperation,main:68 - 8, H, I8, 10
14:56:12,103  INFO RegistrationOperation,main:68 - 9, I, I9, 10
14:56:12,103  INFO RegistrationOperation,main:68 - 10, J, I10, 10
14:56:12,103  INFO StudentMenu,main:54 - Enter 6 courseCodes: 
14:56:23,295  INFO RegistrationOperation,main:21 - Courses added to DB
14:56:23,295  INFO StudentMenu,main:59 - Registration Successful :)
14:56:23,296  INFO StudentMenu,main:40 - 
1. Course Registration
14:56:23,296  INFO StudentMenu,main:41 - 2. Add course
14:56:23,299  INFO StudentMenu,main:42 - 3. Drop course
14:56:23,299  INFO StudentMenu,main:43 - 4. View courses
14:56:23,299  INFO StudentMenu,main:44 - 5. View Registered Courses
14:56:23,300  INFO StudentMenu,main:45 - 6. View grade card
14:56:23,300  INFO StudentMenu,main:46 - 7. Logout
14:56:23,302  INFO CRSApplication,main:42 - -------Welcome to CRS Login-------
14:56:23,302  INFO CRSApplication,main:43 - Enter Username:
14:56:32,056  INFO CRSApplication,main:45 - Enter Password:
14:56:40,594  INFO CRSApplication,main:42 - -------Welcome to CRS Login-------
14:56:40,594  INFO CRSApplication,main:43 - Enter Username:
14:56:42,795  INFO CRSApplication,main:45 - Enter Password:
14:56:44,415  INFO CRSApplication,main:51 - Login Successful
14:56:44,416  INFO StudentMenu,main:40 - 
1. Course Registration
14:56:44,416  INFO StudentMenu,main:41 - 2. Add course
14:56:44,417  INFO StudentMenu,main:42 - 3. Drop course
14:56:44,417  INFO StudentMenu,main:43 - 4. View courses
14:56:44,418  INFO StudentMenu,main:44 - 5. View Registered Courses
14:56:44,418  INFO StudentMenu,main:45 - 6. View grade card
14:56:44,418  INFO StudentMenu,main:46 - 7. Logout
14:56:45,914  INFO RegistrationOperation,main:79 - CourseCodes: 
14:56:45,915  INFO RegistrationOperation,main:81 - 1 
14:56:45,915  INFO RegistrationOperation,main:81 - 2 
14:56:45,915  INFO RegistrationOperation,main:81 - 3 
14:56:45,915  INFO RegistrationOperation,main:81 - 4 
14:56:45,916  INFO RegistrationOperation,main:81 - 5 
14:56:45,916  INFO RegistrationOperation,main:81 - 6 
14:56:45,916  INFO StudentMenu,main:40 - 
1. Course Registration
14:56:45,917  INFO StudentMenu,main:41 - 2. Add course
14:56:45,917  INFO StudentMenu,main:42 - 3. Drop course
14:56:45,917  INFO StudentMenu,main:43 - 4. View courses
14:56:45,917  INFO StudentMenu,main:44 - 5. View Registered Courses
14:56:45,918  INFO StudentMenu,main:45 - 6. View grade card
14:56:45,918  INFO StudentMenu,main:46 - 7. Logout
14:59:27,948  INFO CRSApplication,main:42 - -------Welcome to CRS Login-------
14:59:27,953  INFO CRSApplication,main:43 - Enter Username:
14:59:31,072  INFO CRSApplication,main:45 - Enter Password:
14:59:32,741  INFO CRSApplication,main:51 - Login Successful
14:59:32,746  INFO StudentMenu,main:40 - 1. Course Registration
14:59:32,746  INFO StudentMenu,main:41 - 2. Add course
14:59:32,747  INFO StudentMenu,main:42 - 3. Drop course
14:59:32,747  INFO StudentMenu,main:43 - 4. View courses
14:59:32,747  INFO StudentMenu,main:44 - 5. View Registered Courses
14:59:32,748  INFO StudentMenu,main:45 - 6. View grade card
14:59:32,748  INFO StudentMenu,main:46 - 7. Logout
14:59:35,414  INFO RegistrationOperation,main:64 - CourseCode  CourseName Instructor Seats

14:59:35,417  INFO RegistrationOperation,main:68 - java.io.PrintStream@33e5ccce
14:59:35,418  INFO RegistrationOperation,main:68 - java.io.PrintStream@33e5ccce
14:59:35,418  INFO RegistrationOperation,main:68 - java.io.PrintStream@33e5ccce
14:59:35,419  INFO RegistrationOperation,main:68 - java.io.PrintStream@33e5ccce
14:59:35,419  INFO RegistrationOperation,main:68 - java.io.PrintStream@33e5ccce
14:59:35,420  INFO RegistrationOperation,main:68 - java.io.PrintStream@33e5ccce
14:59:35,420  INFO RegistrationOperation,main:68 - java.io.PrintStream@33e5ccce
14:59:35,421  INFO RegistrationOperation,main:68 - java.io.PrintStream@33e5ccce
14:59:35,422  INFO RegistrationOperation,main:68 - java.io.PrintStream@33e5ccce
14:59:35,423  INFO RegistrationOperation,main:68 - java.io.PrintStream@33e5ccce
14:59:35,423  INFO StudentMenu,main:54 - Enter 6 courseCodes: 
15:08:53,775  INFO CRSApplication,main:42 - -------Welcome to CRS Login-------
15:08:53,779  INFO CRSApplication,main:43 - Enter Username:
15:12:02,490  INFO CRSApplication,main:42 - -------Welcome to CRS Login-------
15:12:02,492  INFO CRSApplication,main:43 - Enter Username:
15:12:04,817  INFO CRSApplication,main:45 - Enter Password:
15:12:06,895  INFO CRSApplication,main:51 - Login Successful
15:12:06,899  INFO StudentMenu,main:40 - 1. Course Registration
15:12:06,899  INFO StudentMenu,main:41 - 2. Add course
15:12:06,900  INFO StudentMenu,main:42 - 3. Drop course
15:12:06,900  INFO StudentMenu,main:43 - 4. View courses
15:12:06,900  INFO StudentMenu,main:44 - 5. View Registered Courses
15:12:06,901  INFO StudentMenu,main:45 - 6. View grade card
15:12:06,901  INFO StudentMenu,main:46 - 7. Logout
15:12:10,888  INFO RegistrationOperation,main:64 - CourseCode  CourseName Instructor Seats

15:12:10,888  INFO RegistrationOperation,main:68 - 1, A, I1, 10
15:12:10,889  INFO RegistrationOperation,main:68 - 2, B, I2, 10
15:12:10,890  INFO RegistrationOperation,main:68 - 3, C, I3, 10
15:12:10,890  INFO RegistrationOperation,main:68 - 4, D, I4, 10
15:12:10,890  INFO RegistrationOperation,main:68 - 5, E, I5, 10
15:12:10,890  INFO RegistrationOperation,main:68 - 6, F, I6, 10
15:12:10,891  INFO RegistrationOperation,main:68 - 7, G, I7, 10
15:12:10,893  INFO RegistrationOperation,main:68 - 8, H, I8, 10
15:12:10,893  INFO RegistrationOperation,main:68 - 9, I, I9, 10
15:12:10,894  INFO RegistrationOperation,main:68 - 10, J, I10, 10
15:12:10,894  INFO StudentMenu,main:54 - Enter 6 courseCodes: 
15:12:21,123  INFO RegistrationOperation,main:21 - Courses added to DB
15:12:21,123  INFO StudentMenu,main:59 - Registration Successful
15:12:21,124  INFO StudentMenu,main:40 - 1. Course Registration
15:12:21,124  INFO StudentMenu,main:41 - 2. Add course
15:12:21,125  INFO StudentMenu,main:42 - 3. Drop course
15:12:21,125  INFO StudentMenu,main:43 - 4. View courses
15:12:21,126  INFO StudentMenu,main:44 - 5. View Registered Courses
15:12:21,126  INFO StudentMenu,main:45 - 6. View grade card
15:12:21,127  INFO StudentMenu,main:46 - 7. Logout
15:14:21,467  INFO CRSApplication,main:42 - -------Welcome to CRS Login-------
15:14:21,468  INFO CRSApplication,main:43 - Enter Username:
15:14:28,275  INFO CRSApplication,main:42 - -------Welcome to CRS Login-------
15:14:28,278  INFO CRSApplication,main:43 - Enter Username:
15:14:29,770  INFO CRSApplication,main:45 - Enter Password:
15:14:31,759  INFO CRSApplication,main:51 - Login Successful
15:14:31,764  INFO StudentMenu,main:40 - 1. Course Registration
15:14:31,764  INFO StudentMenu,main:41 - 2. Add course
15:14:31,765  INFO StudentMenu,main:42 - 3. Drop course
15:14:31,765  INFO StudentMenu,main:43 - 4. View courses
15:14:31,765  INFO StudentMenu,main:44 - 5. View Registered Courses
15:14:31,766  INFO StudentMenu,main:45 - 6. View grade card
15:14:31,766  INFO StudentMenu,main:46 - 7. Logout
15:14:38,359  INFO RegistrationOperation,main:64 - CourseCode  CourseName Instructor Seats

15:14:38,360  INFO RegistrationOperation,main:68 - 1, A, I1, 10
15:14:38,360  INFO RegistrationOperation,main:68 - 2, B, I2, 10
15:14:38,361  INFO RegistrationOperation,main:68 - 3, C, I3, 10
15:14:38,361  INFO RegistrationOperation,main:68 - 4, D, I4, 10
15:14:38,363  INFO RegistrationOperation,main:68 - 5, E, I5, 10
15:14:38,363  INFO RegistrationOperation,main:68 - 6, F, I6, 10
15:14:38,364  INFO RegistrationOperation,main:68 - 7, G, I7, 10
15:14:38,364  INFO RegistrationOperation,main:68 - 8, H, I8, 10
15:14:38,365  INFO RegistrationOperation,main:68 - 9, I, I9, 10
15:14:38,365  INFO RegistrationOperation,main:68 - 10, J, I10, 10
15:14:38,366  INFO StudentMenu,main:54 - Enter 6 courseCodes: 
15:14:44,200  INFO RegistrationOperation,main:21 - Courses added to DB
15:14:44,200  INFO StudentMenu,main:59 - Registration Successful
15:14:44,201  INFO StudentMenu,main:40 - 1. Course Registration
15:14:44,201  INFO StudentMenu,main:41 - 2. Add course
15:14:44,203  INFO StudentMenu,main:42 - 3. Drop course
15:14:44,203  INFO StudentMenu,main:43 - 4. View courses
15:14:44,204  INFO StudentMenu,main:44 - 5. View Registered Courses
15:14:44,204  INFO StudentMenu,main:45 - 6. View grade card
15:14:44,204  INFO StudentMenu,main:46 - 7. Logout
15:14:51,199  INFO RegistrationOperation,main:78 - CourseCodes: 
15:14:51,200  INFO RegistrationOperation,main:80 - 1 
15:14:51,200  INFO RegistrationOperation,main:80 - 2 
15:14:51,201  INFO RegistrationOperation,main:80 - 3 
15:14:51,202  INFO RegistrationOperation,main:80 - 4 
15:14:51,203  INFO RegistrationOperation,main:80 - 5 
15:14:51,204  INFO RegistrationOperation,main:80 - 6 
15:14:51,204  INFO StudentMenu,main:77 - Enter courseCode to be dropped: 
15:15:01,133  INFO RegistrationOperation,main:42 - Course 1dropped successfully
15:15:01,134  INFO StudentMenu,main:40 - 1. Course Registration
15:15:01,134  INFO StudentMenu,main:41 - 2. Add course
15:15:01,134  INFO StudentMenu,main:42 - 3. Drop course
15:15:01,135  INFO StudentMenu,main:43 - 4. View courses
15:15:01,135  INFO StudentMenu,main:44 - 5. View Registered Courses
15:15:01,135  INFO StudentMenu,main:45 - 6. View grade card
15:15:01,135  INFO StudentMenu,main:46 - 7. Logout
15:15:03,796  INFO RegistrationOperation,main:64 - CourseCode  CourseName Instructor Seats

15:15:03,796  INFO RegistrationOperation,main:68 - 1, A, I1, 10
15:15:03,797  INFO RegistrationOperation,main:68 - 7, G, I7, 10
15:15:03,797  INFO RegistrationOperation,main:68 - 8, H, I8, 10
15:15:03,798  INFO RegistrationOperation,main:68 - 9, I, I9, 10
15:15:03,798  INFO RegistrationOperation,main:68 - 10, J, I10, 10
15:15:03,798  INFO StudentMenu,main:69 - Enter courseCode to be added: 
15:15:05,528  INFO StudentMenu,main:40 - 1. Course Registration
15:15:05,528  INFO StudentMenu,main:41 - 2. Add course
15:15:05,528  INFO StudentMenu,main:42 - 3. Drop course
15:15:05,529  INFO StudentMenu,main:43 - 4. View courses
15:15:05,529  INFO StudentMenu,main:44 - 5. View Registered Courses
15:15:05,529  INFO StudentMenu,main:45 - 6. View grade card
15:15:05,530  INFO StudentMenu,main:46 - 7. Logout
15:15:09,080  WARN StudentMenu,main:65 - You have aleady added 6 courses
15:15:09,080  INFO StudentMenu,main:40 - 1. Course Registration
15:15:09,080  INFO StudentMenu,main:41 - 2. Add course
15:15:09,081  INFO StudentMenu,main:42 - 3. Drop course
15:15:09,082  INFO StudentMenu,main:43 - 4. View courses
15:15:09,082  INFO StudentMenu,main:44 - 5. View Registered Courses
15:15:09,083  INFO StudentMenu,main:45 - 6. View grade card
15:15:09,083  INFO StudentMenu,main:46 - 7. Logout
15:16:51,425  INFO CRSApplication,main:42 - -------Welcome to CRS Login-------
15:16:51,428  INFO CRSApplication,main:43 - Enter Username:
15:16:53,688  INFO CRSApplication,main:45 - Enter Password:
15:16:55,041  INFO CRSApplication,main:51 - Login Successful
15:16:55,046  INFO StudentMenu,main:40 - *****************************
15:16:55,046  INFO StudentMenu,main:41 - 1. Course Registration
15:16:55,047  INFO StudentMenu,main:42 - 2. Add course
15:16:55,047  INFO StudentMenu,main:43 - 3. Drop course
15:16:55,047  INFO StudentMenu,main:44 - 4. View courses
15:16:55,048  INFO StudentMenu,main:45 - 5. View Registered Courses
15:16:55,048  INFO StudentMenu,main:46 - 6. View grade card
15:16:55,049  INFO StudentMenu,main:47 - 7. Logout
15:16:55,049  INFO StudentMenu,main:48 - *****************************
15:17:01,219  INFO RegistrationOperation,main:64 - CourseCode  CourseName Instructor Seats

15:17:01,221  INFO RegistrationOperation,main:68 - 1, A, I1, 10
15:17:01,222  INFO RegistrationOperation,main:68 - 2, B, I2, 10
15:17:01,223  INFO RegistrationOperation,main:68 - 3, C, I3, 10
15:17:01,224  INFO RegistrationOperation,main:68 - 4, D, I4, 10
15:17:01,224  INFO RegistrationOperation,main:68 - 5, E, I5, 10
15:17:01,225  INFO RegistrationOperation,main:68 - 6, F, I6, 10
15:17:01,226  INFO RegistrationOperation,main:68 - 7, G, I7, 10
15:17:01,226  INFO RegistrationOperation,main:68 - 8, H, I8, 10
15:17:01,227  INFO RegistrationOperation,main:68 - 9, I, I9, 10
15:17:01,228  INFO RegistrationOperation,main:68 - 10, J, I10, 10
15:17:01,228  INFO StudentMenu,main:56 - *****************************
15:17:01,229  INFO StudentMenu,main:57 - Enter 6 courseCodes: 
15:17:07,098  INFO RegistrationOperation,main:21 - Courses added to DB
15:17:07,099  INFO StudentMenu,main:62 - Registration Successful
15:17:07,099  INFO StudentMenu,main:63 - *****************************
15:17:07,100  INFO StudentMenu,main:40 - *****************************
15:17:07,100  INFO StudentMenu,main:41 - 1. Course Registration
15:17:07,100  INFO StudentMenu,main:42 - 2. Add course
15:17:07,101  INFO StudentMenu,main:43 - 3. Drop course
15:17:07,101  INFO StudentMenu,main:44 - 4. View courses
15:17:07,101  INFO StudentMenu,main:45 - 5. View Registered Courses
15:17:07,102  INFO StudentMenu,main:46 - 6. View grade card
15:17:07,103  INFO StudentMenu,main:47 - 7. Logout
15:17:07,103  INFO StudentMenu,main:48 - *****************************
15:18:18,982  INFO CRSApplication,main:42 - -------Welcome to CRS Login-------
15:18:18,985  INFO CRSApplication,main:43 - Enter Username:
15:18:22,067  INFO CRSApplication,main:45 - Enter Password:
15:18:23,984  INFO CRSApplication,main:51 - Login Successful
15:18:23,988  INFO StudentMenu,main:40 - *****************************
15:18:23,988  INFO StudentMenu,main:41 - 1. Course Registration
15:18:23,989  INFO StudentMenu,main:42 - 2. Add course
15:18:23,989  INFO StudentMenu,main:43 - 3. Drop course
15:18:23,989  INFO StudentMenu,main:44 - 4. View courses
15:18:23,990  INFO StudentMenu,main:45 - 5. View Registered Courses
15:18:23,990  INFO StudentMenu,main:46 - 6. View grade card
15:18:23,990  INFO StudentMenu,main:47 - 7. Logout
15:18:23,991  INFO StudentMenu,main:48 - *****************************
15:18:25,535  INFO RegistrationOperation,main:64 - CourseCode  CourseName Instructor Seats

15:18:25,535  INFO RegistrationOperation,main:68 - 1, A, I1, 10
15:18:25,536  INFO RegistrationOperation,main:68 - 2, B, I2, 10
15:18:25,536  INFO RegistrationOperation,main:68 - 3, C, I3, 10
15:18:25,536  INFO RegistrationOperation,main:68 - 4, D, I4, 10
15:18:25,537  INFO RegistrationOperation,main:68 - 5, E, I5, 10
15:18:25,537  INFO RegistrationOperation,main:68 - 6, F, I6, 10
15:18:25,538  INFO RegistrationOperation,main:68 - 7, G, I7, 10
15:18:25,538  INFO RegistrationOperation,main:68 - 8, H, I8, 10
15:18:25,538  INFO RegistrationOperation,main:68 - 9, I, I9, 10
15:18:25,539  INFO RegistrationOperation,main:68 - 10, J, I10, 10
15:18:25,539  INFO StudentMenu,main:56 - Enter 6 courseCodes: 
15:18:28,183  INFO RegistrationOperation,main:21 - Courses added to DB
15:18:28,184  INFO StudentMenu,main:61 - Registration Successful!
15:18:28,184  INFO StudentMenu,main:40 - *****************************
15:18:28,185  INFO StudentMenu,main:41 - 1. Course Registration
15:18:28,185  INFO StudentMenu,main:42 - 2. Add course
15:18:28,185  INFO StudentMenu,main:43 - 3. Drop course
15:18:28,186  INFO StudentMenu,main:44 - 4. View courses
15:18:28,186  INFO StudentMenu,main:45 - 5. View Registered Courses
15:18:28,186  INFO StudentMenu,main:46 - 6. View grade card
15:18:28,187  INFO StudentMenu,main:47 - 7. Logout
15:18:28,187  INFO StudentMenu,main:48 - *****************************
15:18:32,904  INFO CRSApplication,main:42 - -------Welcome to CRS Login-------
15:18:32,905  INFO CRSApplication,main:43 - Enter Username:
15:21:02,648  INFO CRSApplication,main:42 - -------Welcome to CRS Login-------
15:21:02,651  INFO CRSApplication,main:43 - Enter Username:
15:21:05,352  INFO CRSApplication,main:45 - Enter Password:
15:21:07,258  INFO CRSApplication,main:51 - Login Successful!
15:21:07,263  INFO StudentMenu,main:40 - *****************************
15:21:07,264  INFO StudentMenu,main:41 - 1. Course Registration
15:21:07,264  INFO StudentMenu,main:42 - 2. Add course
15:21:07,265  INFO StudentMenu,main:43 - 3. Drop course
15:21:07,266  INFO StudentMenu,main:44 - 4. View courses
15:21:07,266  INFO StudentMenu,main:45 - 5. View Registered Courses
15:21:07,267  INFO StudentMenu,main:46 - 6. View grade card
15:21:07,267  INFO StudentMenu,main:47 - 7. Logout
15:21:07,267  INFO StudentMenu,main:48 - *****************************
15:21:13,534  WARN RegistrationOperation,main:76 - You have not registered any course yet 
15:21:13,535  INFO StudentMenu,main:40 - *****************************
15:21:13,535  INFO StudentMenu,main:41 - 1. Course Registration
15:21:13,536  INFO StudentMenu,main:42 - 2. Add course
15:21:13,536  INFO StudentMenu,main:43 - 3. Drop course
15:21:13,537  INFO StudentMenu,main:44 - 4. View courses
15:21:13,537  INFO StudentMenu,main:45 - 5. View Registered Courses
15:21:13,538  INFO StudentMenu,main:46 - 6. View grade card
15:21:13,538  INFO StudentMenu,main:47 - 7. Logout
15:21:13,538  INFO StudentMenu,main:48 - *****************************
15:23:14,317  INFO CRSApplication,main:58 - Logout Successful!
15:23:14,318  INFO CRSApplication,main:42 - -------Welcome to CRS Login-------
15:23:14,318  INFO CRSApplication,main:43 - Enter Username:
15:26:04,879  INFO CRSApplication,main:42 - -------Welcome to CRS Login-------
15:26:04,881  INFO CRSApplication,main:43 - Enter Username:
15:26:07,049  INFO CRSApplication,main:45 - Enter Password:
15:26:09,907  INFO CRSApplication,main:51 - Login Successful!
15:26:09,911  INFO StudentMenu,main:40 - *****************************
15:26:09,911  INFO StudentMenu,main:41 - 1. Course Registration
15:26:09,911  INFO StudentMenu,main:42 - 2. Add course
15:26:09,912  INFO StudentMenu,main:43 - 3. Drop course
15:26:09,912  INFO StudentMenu,main:44 - 4. View courses
15:26:09,912  INFO StudentMenu,main:45 - 5. View Registered Courses
15:26:09,913  INFO StudentMenu,main:46 - 6. View grade card
15:26:09,914  INFO StudentMenu,main:47 - 7. Logout
15:26:09,914  INFO StudentMenu,main:48 - *****************************
15:26:11,652  WARN RegistrationOperation,main:76 - You have not registered any course yet 
15:26:11,653  INFO StudentMenu,main:40 - *****************************
15:26:11,654  INFO StudentMenu,main:41 - 1. Course Registration
15:26:11,654  INFO StudentMenu,main:42 - 2. Add course
15:26:11,655  INFO StudentMenu,main:43 - 3. Drop course
15:26:11,659  INFO StudentMenu,main:44 - 4. View courses
15:26:11,659  INFO StudentMenu,main:45 - 5. View Registered Courses
15:26:11,660  INFO StudentMenu,main:46 - 6. View grade card
15:26:11,661  INFO StudentMenu,main:47 - 7. Logout
15:26:11,661  INFO StudentMenu,main:48 - *****************************
15:26:18,390  INFO RegistrationOperation,main:64 - CourseCode  CourseName Instructor Seats

15:26:18,391  INFO RegistrationOperation,main:68 - 1, A, I1, 10
15:26:18,391  INFO RegistrationOperation,main:68 - 2, B, I2, 10
15:26:18,392  INFO RegistrationOperation,main:68 - 3, C, I3, 10
15:26:18,393  INFO RegistrationOperation,main:68 - 4, D, I4, 10
15:26:18,393  INFO RegistrationOperation,main:68 - 5, E, I5, 10
15:26:18,394  INFO RegistrationOperation,main:68 - 6, F, I6, 10
15:26:18,394  INFO RegistrationOperation,main:68 - 7, G, I7, 10
15:26:18,394  INFO RegistrationOperation,main:68 - 8, H, I8, 10
15:26:18,395  INFO RegistrationOperation,main:68 - 9, I, I9, 10
15:26:18,395  INFO RegistrationOperation,main:68 - 10, J, I10, 10
15:26:18,395  INFO StudentMenu,main:56 - Enter 6 courseCodes: 
15:26:22,110  INFO RegistrationOperation,main:21 - Courses added to DB
15:26:22,111  INFO StudentMenu,main:61 - Registration Successful!
15:26:22,111  INFO StudentMenu,main:40 - *****************************
15:26:22,111  INFO StudentMenu,main:41 - 1. Course Registration
15:26:22,112  INFO StudentMenu,main:42 - 2. Add course
15:26:22,114  INFO StudentMenu,main:43 - 3. Drop course
15:26:22,114  INFO StudentMenu,main:44 - 4. View courses
15:26:22,114  INFO StudentMenu,main:45 - 5. View Registered Courses
15:26:22,114  INFO StudentMenu,main:46 - 6. View grade card
15:26:22,115  INFO StudentMenu,main:47 - 7. Logout
15:26:22,115  INFO StudentMenu,main:48 - *****************************
15:26:56,455  INFO CRSApplication,main:42 - -------Welcome to CRS Login-------
15:26:56,460  INFO CRSApplication,main:43 - Enter Username:
15:26:57,620  INFO CRSApplication,main:45 - Enter Password:
15:26:58,829  INFO CRSApplication,main:51 - Login Successful!
15:26:58,833  INFO StudentMenu,main:40 - *****************************
15:26:58,834  INFO StudentMenu,main:41 - 1. Course Registration
15:26:58,834  INFO StudentMenu,main:42 - 2. Add course
15:26:58,835  INFO StudentMenu,main:43 - 3. Drop course
15:26:58,835  INFO StudentMenu,main:44 - 4. View courses
15:26:58,835  INFO StudentMenu,main:45 - 5. View Registered Courses
15:26:58,836  INFO StudentMenu,main:46 - 6. View grade card
15:26:58,836  INFO StudentMenu,main:47 - 7. Logout
15:26:58,837  INFO StudentMenu,main:48 - *****************************
15:27:21,967  INFO RegistrationOperation,main:64 - CourseCode  CourseName Instructor Seats

15:27:21,968  INFO RegistrationOperation,main:68 - 1, A, I1, 10
15:27:21,969  INFO RegistrationOperation,main:68 - 2, B, I2, 10
15:27:21,969  INFO RegistrationOperation,main:68 - 3, C, I3, 10
15:27:21,970  INFO RegistrationOperation,main:68 - 4, D, I4, 10
15:27:21,970  INFO RegistrationOperation,main:68 - 5, E, I5, 10
15:27:21,971  INFO RegistrationOperation,main:68 - 6, F, I6, 10
15:27:21,971  INFO RegistrationOperation,main:68 - 7, G, I7, 10
15:27:21,972  INFO RegistrationOperation,main:68 - 8, H, I8, 10
15:27:21,973  INFO RegistrationOperation,main:68 - 9, I, I9, 10
15:27:21,973  INFO RegistrationOperation,main:68 - 10, J, I10, 10
15:27:21,974  INFO StudentMenu,main:56 - Enter 6 courseCodes: 
15:27:41,306  INFO CRSApplication,main:42 - -------Welcome to CRS Login-------
15:27:41,309  INFO CRSApplication,main:43 - Enter Username:
15:27:45,107  INFO CRSApplication,main:45 - Enter Password:
15:27:48,259  INFO CRSApplication,main:51 - Login Successful!
15:27:48,265  INFO StudentMenu,main:40 - *****************************
15:27:48,265  INFO StudentMenu,main:41 - 1. Course Registration
15:27:48,266  INFO StudentMenu,main:42 - 2. Add course
15:27:48,266  INFO StudentMenu,main:43 - 3. Drop course
15:27:48,266  INFO StudentMenu,main:44 - 4. View courses
15:27:48,267  INFO StudentMenu,main:45 - 5. View Registered Courses
15:27:48,267  INFO StudentMenu,main:46 - 6. View grade card
15:27:48,268  INFO StudentMenu,main:47 - 7. Logout
15:27:48,268  INFO StudentMenu,main:48 - *****************************
15:27:50,258  WARN RegistrationOperation,main:76 - You have not registered any course yet 
15:27:50,258  INFO StudentMenu,main:40 - *****************************
15:27:50,259  INFO StudentMenu,main:41 - 1. Course Registration
15:27:50,260  INFO StudentMenu,main:42 - 2. Add course
15:27:50,260  INFO StudentMenu,main:43 - 3. Drop course
15:27:50,261  INFO StudentMenu,main:44 - 4. View courses
15:27:50,261  INFO StudentMenu,main:45 - 5. View Registered Courses
15:27:50,262  INFO StudentMenu,main:46 - 6. View grade card
15:27:50,262  INFO StudentMenu,main:47 - 7. Logout
15:27:50,262  INFO StudentMenu,main:48 - *****************************
15:28:06,557  INFO CRSApplication,main:42 - -------Welcome to CRS Login-------
15:28:06,559  INFO CRSApplication,main:43 - Enter Username:
15:28:09,905  INFO CRSApplication,main:45 - Enter Password:
15:28:11,745  INFO CRSApplication,main:51 - Login Successful!
15:28:11,750  INFO StudentMenu,main:40 - *****************************
15:28:11,750  INFO StudentMenu,main:41 - 1. Course Registration
15:28:11,751  INFO StudentMenu,main:42 - 2. Add course
15:28:11,751  INFO StudentMenu,main:43 - 3. Drop course
15:28:11,752  INFO StudentMenu,main:44 - 4. View courses
15:28:11,753  INFO StudentMenu,main:45 - 5. View Registered Courses
15:28:11,753  INFO StudentMenu,main:46 - 6. View grade card
15:28:11,754  INFO StudentMenu,main:47 - 7. Logout
15:28:11,754  INFO StudentMenu,main:48 - *****************************
15:28:13,428  WARN RegistrationOperation,main:76 - You have not registered any course yet 
15:28:13,428  INFO StudentMenu,main:40 - *****************************
15:28:13,429  INFO StudentMenu,main:41 - 1. Course Registration
15:28:13,429  INFO StudentMenu,main:42 - 2. Add course
15:28:13,430  INFO StudentMenu,main:43 - 3. Drop course
15:28:13,430  INFO StudentMenu,main:44 - 4. View courses
15:28:13,431  INFO StudentMenu,main:45 - 5. View Registered Courses
15:28:13,431  INFO StudentMenu,main:46 - 6. View grade card
15:28:13,432  INFO StudentMenu,main:47 - 7. Logout
15:28:13,432  INFO StudentMenu,main:48 - *****************************
